<?xml version="1.0" encoding="UTF-8"?>
<!-- Generated by org.testng.reporters.JUnitXMLReporter -->
<testsuite ignored="0" hostname="seema" failures="0" tests="6" name="Default test" time="78.152" errors="0" timestamp="2022-12-20T15:26:53 CST">
  <testcase classname="testcases.Testtwo" name="CountItems" time="0.317"/>
  <testcase classname="testcases.Testtwo" name="GetTitle" time="0.312"/>
  <testcase classname="testcases.Testtwo" name="Login" time="0.347"/>
  <testcase classname="testcases.Testtwo" name="Login" time="0.293"/>
  <testcase classname="testcases.Testtwo" name="Login" time="0.318"/>
  <testcase classname="testcases.Testtwo" name="Login" time="5.326"/>
</testsuite> <!-- Default test -->
