<?xml version="1.0" encoding="UTF-8"?>
<testng-results ignored="0" total="6" passed="6" failed="0" skipped="0">
  <reporter-output>
  </reporter-output>
  <suite started-at="2022-12-20T15:25:35 CST" name="Default suite" finished-at="2022-12-20T15:26:53 CST" duration-ms="78152">
    <groups>
    </groups>
    <test started-at="2022-12-20T15:25:35 CST" name="Default test" finished-at="2022-12-20T15:26:53 CST" duration-ms="78152">
      <class name="testcases.Testtwo">
        <test-method is-config="true" signature="SetUp()[pri:0, instance:testcases.Testtwo@2794eab6]" started-at="2022-12-20T15:25:35 CST" name="SetUp" finished-at="2022-12-20T15:25:37 CST" duration-ms="1715" status="PASS">
          <reporter-output>
          </reporter-output>
        </test-method> <!-- SetUp -->
        <test-method signature="CountItems()[pri:0, instance:testcases.Testtwo@2794eab6]" started-at="2022-12-20T15:25:37 CST" name="CountItems" finished-at="2022-12-20T15:25:37 CST" duration-ms="317" status="PASS">
          <reporter-output>
          </reporter-output>
        </test-method> <!-- CountItems -->
        <test-method is-config="true" signature="TearDown()[pri:0, instance:testcases.Testtwo@2794eab6]" started-at="2022-12-20T15:25:37 CST" name="TearDown" finished-at="2022-12-20T15:25:37 CST" duration-ms="108" status="PASS">
          <reporter-output>
          </reporter-output>
        </test-method> <!-- TearDown -->
        <test-method is-config="true" signature="SetUp()[pri:0, instance:testcases.Testtwo@2794eab6]" started-at="2022-12-20T15:25:37 CST" name="SetUp" finished-at="2022-12-20T15:25:38 CST" duration-ms="854" status="PASS">
          <reporter-output>
          </reporter-output>
        </test-method> <!-- SetUp -->
        <test-method signature="GetTitle()[pri:0, instance:testcases.Testtwo@2794eab6]" started-at="2022-12-20T15:25:38 CST" name="GetTitle" finished-at="2022-12-20T15:25:39 CST" duration-ms="312" status="PASS">
          <reporter-output>
          </reporter-output>
        </test-method> <!-- GetTitle -->
        <test-method is-config="true" signature="TearDown()[pri:0, instance:testcases.Testtwo@2794eab6]" started-at="2022-12-20T15:25:39 CST" name="TearDown" finished-at="2022-12-20T15:25:55 CST" duration-ms="16256" status="PASS">
          <reporter-output>
          </reporter-output>
        </test-method> <!-- TearDown -->
        <test-method is-config="true" signature="SetUp()[pri:0, instance:testcases.Testtwo@2794eab6]" started-at="2022-12-20T15:25:55 CST" name="SetUp" finished-at="2022-12-20T15:25:56 CST" duration-ms="840" status="PASS">
          <reporter-output>
          </reporter-output>
        </test-method> <!-- SetUp -->
        <test-method signature="Login(java.lang.String,java.lang.String)[pri:0, instance:testcases.Testtwo@2794eab6]" started-at="2022-12-20T15:25:56 CST" name="Login" data-provider="Login" finished-at="2022-12-20T15:25:56 CST" duration-ms="347" status="PASS">
          <params>
            <param index="0">
              <value>
                <![CDATA[standard_user]]>
              </value>
            </param>
            <param index="1">
              <value>
                <![CDATA[secret_sauce]]>
              </value>
            </param>
          </params>
          <reporter-output>
          </reporter-output>
        </test-method> <!-- Login -->
        <test-method is-config="true" signature="TearDown()[pri:0, instance:testcases.Testtwo@2794eab6]" started-at="2022-12-20T15:25:56 CST" name="TearDown" finished-at="2022-12-20T15:26:12 CST" duration-ms="16231" status="PASS">
          <reporter-output>
          </reporter-output>
        </test-method> <!-- TearDown -->
        <test-method is-config="true" signature="SetUp()[pri:0, instance:testcases.Testtwo@2794eab6]" started-at="2022-12-20T15:26:12 CST" name="SetUp" finished-at="2022-12-20T15:26:13 CST" duration-ms="843" status="PASS">
          <reporter-output>
          </reporter-output>
        </test-method> <!-- SetUp -->
        <test-method signature="Login(java.lang.String,java.lang.String)[pri:0, instance:testcases.Testtwo@2794eab6]" started-at="2022-12-20T15:26:13 CST" name="Login" data-provider="Login" finished-at="2022-12-20T15:26:13 CST" duration-ms="293" status="PASS">
          <params>
            <param index="0">
              <value>
                <![CDATA[locked_out_user]]>
              </value>
            </param>
            <param index="1">
              <value>
                <![CDATA[secret_sauce]]>
              </value>
            </param>
          </params>
          <reporter-output>
          </reporter-output>
        </test-method> <!-- Login -->
        <test-method is-config="true" signature="TearDown()[pri:0, instance:testcases.Testtwo@2794eab6]" started-at="2022-12-20T15:26:13 CST" name="TearDown" finished-at="2022-12-20T15:26:30 CST" duration-ms="16277" status="PASS">
          <reporter-output>
          </reporter-output>
        </test-method> <!-- TearDown -->
        <test-method is-config="true" signature="SetUp()[pri:0, instance:testcases.Testtwo@2794eab6]" started-at="2022-12-20T15:26:30 CST" name="SetUp" finished-at="2022-12-20T15:26:31 CST" duration-ms="851" status="PASS">
          <reporter-output>
          </reporter-output>
        </test-method> <!-- SetUp -->
        <test-method signature="Login(java.lang.String,java.lang.String)[pri:0, instance:testcases.Testtwo@2794eab6]" started-at="2022-12-20T15:26:31 CST" name="Login" data-provider="Login" finished-at="2022-12-20T15:26:31 CST" duration-ms="318" status="PASS">
          <params>
            <param index="0">
              <value>
                <![CDATA[problem_user]]>
              </value>
            </param>
            <param index="1">
              <value>
                <![CDATA[secret_sauce]]>
              </value>
            </param>
          </params>
          <reporter-output>
          </reporter-output>
        </test-method> <!-- Login -->
        <test-method is-config="true" signature="TearDown()[pri:0, instance:testcases.Testtwo@2794eab6]" started-at="2022-12-20T15:26:31 CST" name="TearDown" finished-at="2022-12-20T15:26:31 CST" duration-ms="111" status="PASS">
          <reporter-output>
          </reporter-output>
        </test-method> <!-- TearDown -->
        <test-method is-config="true" signature="SetUp()[pri:0, instance:testcases.Testtwo@2794eab6]" started-at="2022-12-20T15:26:31 CST" name="SetUp" finished-at="2022-12-20T15:26:32 CST" duration-ms="838" status="PASS">
          <reporter-output>
          </reporter-output>
        </test-method> <!-- SetUp -->
        <test-method signature="Login(java.lang.String,java.lang.String)[pri:0, instance:testcases.Testtwo@2794eab6]" started-at="2022-12-20T15:26:32 CST" name="Login" data-provider="Login" finished-at="2022-12-20T15:26:37 CST" duration-ms="5326" status="PASS">
          <params>
            <param index="0">
              <value>
                <![CDATA[performance_glitch_user]]>
              </value>
            </param>
            <param index="1">
              <value>
                <![CDATA[secret_sauce]]>
              </value>
            </param>
          </params>
          <reporter-output>
          </reporter-output>
        </test-method> <!-- Login -->
        <test-method is-config="true" signature="TearDown()[pri:0, instance:testcases.Testtwo@2794eab6]" started-at="2022-12-20T15:26:37 CST" name="TearDown" finished-at="2022-12-20T15:26:53 CST" duration-ms="16256" status="PASS">
          <reporter-output>
          </reporter-output>
        </test-method> <!-- TearDown -->
      </class> <!-- testcases.Testtwo -->
    </test> <!-- Default test -->
  </suite> <!-- Default suite -->
</testng-results>
